<?xml version="1.0" encoding="UTF-8"?>
<!-- Generated by org.testng.reporters.JUnitReportReporter -->
<testsuite hostname="DESKTOP-N99ONFU" failures="0" tests="1" name="practicesession.CarLoan" time="0.018" errors="0" timestamp="2022-01-08T22:11:13 EST" skipped="0">
  <testcase classname="practicesession.CarLoan" name="MobileCarLoan" time="0.018"/>
  <system-out/>
</testsuite> <!-- practicesession.CarLoan -->
